<?xml version="1.0" encoding="UTF-8"?>
<testsuites name="LoanInNeed Backend Tests" tests="78" failures="24" errors="0" time="106.132">
  <testsuite name="__tests__\unit\services\kycService.spec.js" errors="0" failures="3" skipped="0" timestamp="2026-05-25T06:44:05" time="16.09" tests="3">
    <testcase classname="📋 KYCService Unit Tests › saveFullKYC" name="✅ should save full KYC data successfully" time="0.102">
      <failure>Error: expect(jest.fn()).toHaveBeenCalled()

Expected number of calls: &gt;= 1
Received number of calls:    0
    at Object.toHaveBeenCalled (D:\Project\LoanInNeedServer2\Backend\__tests__\unit\services\kycService.spec.js:59:55)</failure>
    </testcase>
    <testcase classname="📋 KYCService Unit Tests › saveFullKYC" name="❌ should handle missing required fields" time="0.004">
      <failure>Error: expect(received).rejects.toThrow()

Received promise resolved instead of rejected
Resolved to value: undefined
    at expect (D:\Project\LoanInNeedServer2\Backend\node_modules\expect\build\index.js:113:15)
    at Object.expect (D:\Project\LoanInNeedServer2\Backend\__tests__\unit\services\kycService.spec.js:76:13)
    at Promise.then.completed (D:\Project\LoanInNeedServer2\Backend\node_modules\jest-circus\build\utils.js:298:28)
    at new Promise (&lt;anonymous&gt;)
    at callAsyncCircusFn (D:\Project\LoanInNeedServer2\Backend\node_modules\jest-circus\build\utils.js:231:10)
    at _callCircusTest (D:\Project\LoanInNeedServer2\Backend\node_modules\jest-circus\build\run.js:316:40)
    at _runTest (D:\Project\LoanInNeedServer2\Backend\node_modules\jest-circus\build\run.js:252:3)
    at _runTestsForDescribeBlock (D:\Project\LoanInNeedServer2\Backend\node_modules\jest-circus\build\run.js:126:9)
    at _runTestsForDescribeBlock (D:\Project\LoanInNeedServer2\Backend\node_modules\jest-circus\build\run.js:121:9)
    at _runTestsForDescribeBlock (D:\Project\LoanInNeedServer2\Backend\node_modules\jest-circus\build\run.js:121:9)
    at run (D:\Project\LoanInNeedServer2\Backend\node_modules\jest-circus\build\run.js:71:3)
    at runAndTransformResultsToJestFormat (D:\Project\LoanInNeedServer2\Backend\node_modules\jest-circus\build\legacy-code-todo-rewrite\jestAdapterInit.js:122:21)
    at jestAdapter (D:\Project\LoanInNeedServer2\Backend\node_modules\jest-circus\build\legacy-code-todo-rewrite\jestAdapter.js:79:19)
    at runTestInternal (D:\Project\LoanInNeedServer2\Backend\node_modules\jest-runner\build\runTest.js:367:16)
    at runTest (D:\Project\LoanInNeedServer2\Backend\node_modules\jest-runner\build\runTest.js:444:34)</failure>
    </testcase>
    <testcase classname="📋 KYCService Unit Tests › saveFullKYC" name="❌ should validate data types" time="0.005">
      <failure>Error: expect(received).rejects.toThrow()

Received promise resolved instead of rejected
Resolved to value: undefined
    at expect (D:\Project\LoanInNeedServer2\Backend\node_modules\expect\build\index.js:113:15)
    at Object.expect (D:\Project\LoanInNeedServer2\Backend\__tests__\unit\services\kycService.spec.js:88:13)
    at Promise.then.completed (D:\Project\LoanInNeedServer2\Backend\node_modules\jest-circus\build\utils.js:298:28)
    at new Promise (&lt;anonymous&gt;)
    at callAsyncCircusFn (D:\Project\LoanInNeedServer2\Backend\node_modules\jest-circus\build\utils.js:231:10)
    at _callCircusTest (D:\Project\LoanInNeedServer2\Backend\node_modules\jest-circus\build\run.js:316:40)
    at _runTest (D:\Project\LoanInNeedServer2\Backend\node_modules\jest-circus\build\run.js:252:3)
    at _runTestsForDescribeBlock (D:\Project\LoanInNeedServer2\Backend\node_modules\jest-circus\build\run.js:126:9)
    at _runTestsForDescribeBlock (D:\Project\LoanInNeedServer2\Backend\node_modules\jest-circus\build\run.js:121:9)
    at _runTestsForDescribeBlock (D:\Project\LoanInNeedServer2\Backend\node_modules\jest-circus\build\run.js:121:9)
    at run (D:\Project\LoanInNeedServer2\Backend\node_modules\jest-circus\build\run.js:71:3)
    at runAndTransformResultsToJestFormat (D:\Project\LoanInNeedServer2\Backend\node_modules\jest-circus\build\legacy-code-todo-rewrite\jestAdapterInit.js:122:21)
    at jestAdapter (D:\Project\LoanInNeedServer2\Backend\node_modules\jest-circus\build\legacy-code-todo-rewrite\jestAdapter.js:79:19)
    at runTestInternal (D:\Project\LoanInNeedServer2\Backend\node_modules\jest-runner\build\runTest.js:367:16)
    at runTest (D:\Project\LoanInNeedServer2\Backend\node_modules\jest-runner\build\runTest.js:444:34)</failure>
    </testcase>
  </testsuite>
  <testsuite name="__tests__\unit\kycService.spec.js" errors="0" failures="5" skipped="0" timestamp="2026-05-25T06:44:21" time="4.796" tests="6">
    <testcase classname="KycService.saveFullKYC (unit)" name="throws when userId is not provided" time="0.051">
    </testcase>
    <testcase classname="KycService.saveFullKYC (unit)" name="validates employment payload presence" time="0.001">
      <failure>Error: expect(received).rejects.toThrow()

Received promise resolved instead of rejected
Resolved to value: undefined
    at expect (D:\Project\LoanInNeedServer2\Backend\node_modules\expect\build\index.js:113:15)
    at Object.expect (D:\Project\LoanInNeedServer2\Backend\__tests__\unit\kycService.spec.js:109:11)
    at Promise.then.completed (D:\Project\LoanInNeedServer2\Backend\node_modules\jest-circus\build\utils.js:298:28)
    at new Promise (&lt;anonymous&gt;)
    at callAsyncCircusFn (D:\Project\LoanInNeedServer2\Backend\node_modules\jest-circus\build\utils.js:231:10)
    at _callCircusTest (D:\Project\LoanInNeedServer2\Backend\node_modules\jest-circus\build\run.js:316:40)
    at _runTest (D:\Project\LoanInNeedServer2\Backend\node_modules\jest-circus\build\run.js:252:3)
    at _runTestsForDescribeBlock (D:\Project\LoanInNeedServer2\Backend\node_modules\jest-circus\build\run.js:126:9)
    at _runTestsForDescribeBlock (D:\Project\LoanInNeedServer2\Backend\node_modules\jest-circus\build\run.js:121:9)
    at run (D:\Project\LoanInNeedServer2\Backend\node_modules\jest-circus\build\run.js:71:3)
    at runAndTransformResultsToJestFormat (D:\Project\LoanInNeedServer2\Backend\node_modules\jest-circus\build\legacy-code-todo-rewrite\jestAdapterInit.js:122:21)
    at jestAdapter (D:\Project\LoanInNeedServer2\Backend\node_modules\jest-circus\build\legacy-code-todo-rewrite\jestAdapter.js:79:19)
    at runTestInternal (D:\Project\LoanInNeedServer2\Backend\node_modules\jest-runner\build\runTest.js:367:16)
    at runTest (D:\Project\LoanInNeedServer2\Backend\node_modules\jest-runner\build\runTest.js:444:34)</failure>
    </testcase>
    <testcase classname="KycService.saveFullKYC (unit)" name="validates monthlyIncome numeric and non-negative" time="0.002">
      <failure>Error: expect(received).rejects.toThrow()

Received promise resolved instead of rejected
Resolved to value: undefined
    at expect (D:\Project\LoanInNeedServer2\Backend\node_modules\expect\build\index.js:113:15)
    at Object.expect (D:\Project\LoanInNeedServer2\Backend\__tests__\unit\kycService.spec.js:114:11)
    at Promise.then.completed (D:\Project\LoanInNeedServer2\Backend\node_modules\jest-circus\build\utils.js:298:28)
    at new Promise (&lt;anonymous&gt;)
    at callAsyncCircusFn (D:\Project\LoanInNeedServer2\Backend\node_modules\jest-circus\build\utils.js:231:10)
    at _callCircusTest (D:\Project\LoanInNeedServer2\Backend\node_modules\jest-circus\build\run.js:316:40)
    at _runTest (D:\Project\LoanInNeedServer2\Backend\node_modules\jest-circus\build\run.js:252:3)
    at _runTestsForDescribeBlock (D:\Project\LoanInNeedServer2\Backend\node_modules\jest-circus\build\run.js:126:9)
    at _runTestsForDescribeBlock (D:\Project\LoanInNeedServer2\Backend\node_modules\jest-circus\build\run.js:121:9)
    at run (D:\Project\LoanInNeedServer2\Backend\node_modules\jest-circus\build\run.js:71:3)
    at runAndTransformResultsToJestFormat (D:\Project\LoanInNeedServer2\Backend\node_modules\jest-circus\build\legacy-code-todo-rewrite\jestAdapterInit.js:122:21)
    at jestAdapter (D:\Project\LoanInNeedServer2\Backend\node_modules\jest-circus\build\legacy-code-todo-rewrite\jestAdapter.js:79:19)
    at runTestInternal (D:\Project\LoanInNeedServer2\Backend\node_modules\jest-runner\build\runTest.js:367:16)
    at runTest (D:\Project\LoanInNeedServer2\Backend\node_modules\jest-runner\build\runTest.js:444:34)</failure>
    </testcase>
    <testcase classname="KycService.saveFullKYC (unit)" name="validates address payload presence" time="0.001">
      <failure>Error: expect(received).rejects.toThrow()

Received promise resolved instead of rejected
Resolved to value: undefined
    at expect (D:\Project\LoanInNeedServer2\Backend\node_modules\expect\build\index.js:113:15)
    at Object.expect (D:\Project\LoanInNeedServer2\Backend\__tests__\unit\kycService.spec.js:123:11)
    at Promise.then.completed (D:\Project\LoanInNeedServer2\Backend\node_modules\jest-circus\build\utils.js:298:28)
    at new Promise (&lt;anonymous&gt;)
    at callAsyncCircusFn (D:\Project\LoanInNeedServer2\Backend\node_modules\jest-circus\build\utils.js:231:10)
    at _callCircusTest (D:\Project\LoanInNeedServer2\Backend\node_modules\jest-circus\build\run.js:316:40)
    at _runTest (D:\Project\LoanInNeedServer2\Backend\node_modules\jest-circus\build\run.js:252:3)
    at _runTestsForDescribeBlock (D:\Project\LoanInNeedServer2\Backend\node_modules\jest-circus\build\run.js:126:9)
    at _runTestsForDescribeBlock (D:\Project\LoanInNeedServer2\Backend\node_modules\jest-circus\build\run.js:121:9)
    at run (D:\Project\LoanInNeedServer2\Backend\node_modules\jest-circus\build\run.js:71:3)
    at runAndTransformResultsToJestFormat (D:\Project\LoanInNeedServer2\Backend\node_modules\jest-circus\build\legacy-code-todo-rewrite\jestAdapterInit.js:122:21)
    at jestAdapter (D:\Project\LoanInNeedServer2\Backend\node_modules\jest-circus\build\legacy-code-todo-rewrite\jestAdapter.js:79:19)
    at runTestInternal (D:\Project\LoanInNeedServer2\Backend\node_modules\jest-runner\build\runTest.js:367:16)
    at runTest (D:\Project\LoanInNeedServer2\Backend\node_modules\jest-runner\build\runTest.js:444:34)</failure>
    </testcase>
    <testcase classname="KycService.saveFullKYC (unit)" name="validates loan payload presence and amount" time="0.002">
      <failure>Error: expect(received).rejects.toThrow()

Received promise resolved instead of rejected
Resolved to value: undefined
    at expect (D:\Project\LoanInNeedServer2\Backend\node_modules\expect\build\index.js:113:15)
    at Object.expect (D:\Project\LoanInNeedServer2\Backend\__tests__\unit\kycService.spec.js:129:11)
    at Promise.then.completed (D:\Project\LoanInNeedServer2\Backend\node_modules\jest-circus\build\utils.js:298:28)
    at new Promise (&lt;anonymous&gt;)
    at callAsyncCircusFn (D:\Project\LoanInNeedServer2\Backend\node_modules\jest-circus\build\utils.js:231:10)
    at _callCircusTest (D:\Project\LoanInNeedServer2\Backend\node_modules\jest-circus\build\run.js:316:40)
    at _runTest (D:\Project\LoanInNeedServer2\Backend\node_modules\jest-circus\build\run.js:252:3)
    at _runTestsForDescribeBlock (D:\Project\LoanInNeedServer2\Backend\node_modules\jest-circus\build\run.js:126:9)
    at _runTestsForDescribeBlock (D:\Project\LoanInNeedServer2\Backend\node_modules\jest-circus\build\run.js:121:9)
    at run (D:\Project\LoanInNeedServer2\Backend\node_modules\jest-circus\build\run.js:71:3)
    at runAndTransformResultsToJestFormat (D:\Project\LoanInNeedServer2\Backend\node_modules\jest-circus\build\legacy-code-todo-rewrite\jestAdapterInit.js:122:21)
    at jestAdapter (D:\Project\LoanInNeedServer2\Backend\node_modules\jest-circus\build\legacy-code-todo-rewrite\jestAdapter.js:79:19)
    at runTestInternal (D:\Project\LoanInNeedServer2\Backend\node_modules\jest-runner\build\runTest.js:367:16)
    at runTest (D:\Project\LoanInNeedServer2\Backend\node_modules\jest-runner\build\runTest.js:444:34)</failure>
    </testcase>
    <testcase classname="KycService.saveFullKYC (unit)" name="saves employment, address and loan and returns aggregated result for multiple payloads" time="0.004">
      <failure>Error: expect(received).toBeDefined()

Received: undefined
    at Object.toBeDefined (D:\Project\LoanInNeedServer2\Backend\__tests__\unit\kycService.spec.js:156:22)</failure>
    </testcase>
  </testsuite>
  <testsuite name="__tests__\unit\services\selfieService.spec.js" errors="0" failures="1" skipped="0" timestamp="2026-05-25T06:44:26" time="5.963" tests="5">
    <testcase classname="📸 SelfieService Unit Tests › saveSelfie" name="✅ should save selfie successfully" time="1.127">
      <failure>Error: expect(jest.fn()).toHaveBeenCalled()

Expected number of calls: &gt;= 1
Received number of calls:    0
    at Object.toHaveBeenCalled (D:\Project\LoanInNeedServer2\Backend\__tests__\unit\services\selfieService.spec.js:56:37)
    at processTicksAndRejections (node:internal/process/task_queues:105:5)</failure>
    </testcase>
    <testcase classname="📸 SelfieService Unit Tests › saveSelfie" name="❌ should reject if no file provided" time="0.038">
    </testcase>
    <testcase classname="📸 SelfieService Unit Tests › saveSelfie" name="❌ should handle Supabase upload errors" time="0.305">
    </testcase>
    <testcase classname="📸 SelfieService Unit Tests › getSelfieStatus" name="✅ should return selfie status if exists" time="0.003">
    </testcase>
    <testcase classname="📸 SelfieService Unit Tests › getSelfieStatus" name="✅ should return not uploaded if no selfie exists" time="0">
    </testcase>
  </testsuite>
  <testsuite name="__tests__\unit\services\locationService.spec.js" errors="0" failures="0" skipped="0" timestamp="2026-05-25T06:44:32" time="4.275" tests="5">
    <testcase classname="📍 LocationService Unit Tests › saveLocation" name="✅ should save location successfully" time="0.014">
    </testcase>
    <testcase classname="📍 LocationService Unit Tests › saveLocation" name="❌ should reject location without latitude" time="0.027">
    </testcase>
    <testcase classname="📍 LocationService Unit Tests › saveLocation" name="❌ should reject location without longitude" time="0.006">
    </testcase>
    <testcase classname="📍 LocationService Unit Tests › getLatestLocation" name="✅ should return latest location" time="0.006">
    </testcase>
    <testcase classname="📍 LocationService Unit Tests › getLatestLocation" name="✅ should return null if no location exists" time="0.002">
    </testcase>
  </testsuite>
  <testsuite name="__tests__\unit\services\authService.spec.js" errors="0" failures="0" skipped="0" timestamp="2026-05-25T06:44:36" time="4.769" tests="4">
    <testcase classname="🔐 AuthService Unit Tests › requestPhoneOtp" name="✅ should request OTP successfully" time="0.003">
    </testcase>
    <testcase classname="🔐 AuthService Unit Tests › requestPhoneOtp" name="❌ should handle OTP service errors" time="0.014">
    </testcase>
    <testcase classname="🔐 AuthService Unit Tests › verifyPhoneOtp" name="✅ should verify OTP and return token" time="0.004">
    </testcase>
    <testcase classname="🔐 AuthService Unit Tests › verifyPhoneOtp" name="❌ should reject invalid OTP" time="0.013">
    </testcase>
  </testsuite>
  <testsuite name="__tests__\unit\jwt.spec.js" errors="0" failures="0" skipped="0" timestamp="2026-05-25T06:44:41" time="3.271" tests="4">
    <testcase classname="🛡️ JWT Utility" name="✅ should generate a valid JWT token" time="0.012">
    </testcase>
    <testcase classname="🛡️ JWT Utility" name="✅ should verify a valid JWT token" time="0.008">
    </testcase>
    <testcase classname="🛡️ JWT Utility" name="❌ should fail verification for invalid token" time="0.017">
    </testcase>
    <testcase classname="🛡️ JWT Utility" name="❌ should fail verification for expired token" time="0.016">
    </testcase>
  </testsuite>
  <testsuite name="__tests__\unit\utils\jwt.spec.js" errors="0" failures="0" skipped="0" timestamp="2026-05-25T06:44:45" time="4.625" tests="5">
    <testcase classname="🎫 JWT Utility Tests › generateToken" name="✅ should generate a valid JWT token" time="0.007">
    </testcase>
    <testcase classname="🎫 JWT Utility Tests › generateToken" name="✅ should include expiration in token" time="0.005">
    </testcase>
    <testcase classname="🎫 JWT Utility Tests › verifyToken" name="✅ should verify a valid token" time="0.007">
    </testcase>
    <testcase classname="🎫 JWT Utility Tests › verifyToken" name="❌ should reject invalid token" time="0.016">
    </testcase>
    <testcase classname="🎫 JWT Utility Tests › verifyToken" name="❌ should reject expired token" time="0.005">
    </testcase>
  </testsuite>
  <testsuite name="__tests__\unit\hash.spec.js" errors="0" failures="0" skipped="0" timestamp="2026-05-25T06:44:49" time="3.623" tests="4">
    <testcase classname="🔒 Hash Utility" name="✅ should hash a password successfully" time="0.124">
    </testcase>
    <testcase classname="🔒 Hash Utility" name="✅ should compare correct password successfully" time="0.088">
    </testcase>
    <testcase classname="🔒 Hash Utility" name="❌ should fail comparison with incorrect password" time="0.175">
    </testcase>
    <testcase classname="🔒 Hash Utility" name="❌ should throw error if password is missing" time="0.008">
    </testcase>
  </testsuite>
  <testsuite name="__tests__\unit\middleware\authMiddleware.spec.js" errors="0" failures="0" skipped="0" timestamp="2026-05-25T06:44:53" time="3.204" tests="5">
    <testcase classname="🔐 AuthMiddleware Unit Tests" name="✅ should authenticate valid token" time="0.006">
    </testcase>
    <testcase classname="🔐 AuthMiddleware Unit Tests" name="❌ should reject request without token" time="0.001">
    </testcase>
    <testcase classname="🔐 AuthMiddleware Unit Tests" name="❌ should reject request with invalid token format" time="0.002">
    </testcase>
    <testcase classname="🔐 AuthMiddleware Unit Tests" name="❌ should reject request with invalid token" time="0.001">
    </testcase>
    <testcase classname="🔐 AuthMiddleware Unit Tests" name="❌ should reject request if user not found in DB" time="0.002">
    </testcase>
  </testsuite>
  <testsuite name="__tests__\security\security.spec.js" errors="0" failures="1" skipped="0" timestamp="2026-05-25T06:44:56" time="12.461" tests="9">
    <testcase classname="🔒 Security Tests › Authentication Security" name="✅ should reject requests without authentication token" time="0.142">
    </testcase>
    <testcase classname="🔒 Security Tests › Authentication Security" name="✅ should reject requests with invalid token" time="0.046">
      <failure>Error: expect(received).toBe(expected) // Object.is equality

Expected: 401
Received: 500
    at Object.toBe (D:\Project\LoanInNeedServer2\Backend\__tests__\security\security.spec.js:21:26)
    at processTicksAndRejections (node:internal/process/task_queues:105:5)</failure>
    </testcase>
    <testcase classname="🔒 Security Tests › Authentication Security" name="✅ should reject requests with malformed token" time="0.045">
    </testcase>
    <testcase classname="🔒 Security Tests › Input Validation Security" name="✅ should sanitize SQL injection attempts" time="0.1">
    </testcase>
    <testcase classname="🔒 Security Tests › Input Validation Security" name="✅ should validate phone number format" time="0.097">
    </testcase>
    <testcase classname="🔒 Security Tests › Input Validation Security" name="✅ should validate email format" time="2.053">
    </testcase>
    <testcase classname="🔒 Security Tests › Rate Limiting" name="✅ should handle multiple rapid requests" time="1.614">
    </testcase>
    <testcase classname="🔒 Security Tests › CORS Security" name="✅ should include CORS headers" time="0.015">
    </testcase>
    <testcase classname="🔒 Security Tests › Helmet Security Headers" name="✅ should include security headers" time="0.008">
    </testcase>
  </testsuite>
  <testsuite name="__tests__\performance\performance.spec.js" errors="0" failures="1" skipped="0" timestamp="2026-05-25T06:45:09" time="8.821" tests="4">
    <testcase classname="⚡ Performance Tests › Response Time Tests" name="✅ health check should respond quickly" time="0.018">
    </testcase>
    <testcase classname="⚡ Performance Tests › Response Time Tests" name="✅ OTP request should respond within acceptable time" time="1.62">
    </testcase>
    <testcase classname="⚡ Performance Tests › Concurrent Request Handling" name="✅ should handle concurrent OTP requests" time="1.472">
    </testcase>
    <testcase classname="⚡ Performance Tests › Database Query Performance" name="✅ user profile fetch should be fast" time="0.683">
      <failure>Error: expect(received).toBe(expected) // Object.is equality

Expected: 200
Received: 500
    at Object.toBe (D:\Project\LoanInNeedServer2\Backend\__tests__\performance\performance.spec.js:72:26)
    at processTicksAndRejections (node:internal/process/task_queues:105:5)</failure>
    </testcase>
  </testsuite>
  <testsuite name="__tests__\integration\selfie.integration.spec.js" errors="0" failures="3" skipped="0" timestamp="2026-05-25T06:45:17" time="5.98" tests="5">
    <testcase classname="📸 Selfie Upload Integration Tests › POST /api/selfie/upload" name="✅ should upload selfie successfully" time="0.066">
      <failure>Error: expect(received).toBe(expected) // Object.is equality

Expected: 200
Received: 500
    at Object.toBe (D:\Project\LoanInNeedServer2\Backend\__tests__\integration\selfie.integration.spec.js:56:26)
    at processTicksAndRejections (node:internal/process/task_queues:105:5)</failure>
    </testcase>
    <testcase classname="📸 Selfie Upload Integration Tests › POST /api/selfie/upload" name="❌ should reject upload without file" time="0.017">
      <failure>Error: expect(received).toBe(expected) // Object.is equality

Expected: 400
Received: 500
    at Object.toBe (D:\Project\LoanInNeedServer2\Backend\__tests__\integration\selfie.integration.spec.js:68:26)
    at processTicksAndRejections (node:internal/process/task_queues:105:5)</failure>
    </testcase>
    <testcase classname="📸 Selfie Upload Integration Tests › POST /api/selfie/upload" name="❌ should require authentication" time="0.027">
    </testcase>
    <testcase classname="📸 Selfie Upload Integration Tests › GET /api/selfie/status" name="✅ should get selfie status" time="0.031">
      <failure>Error: expect(received).toBe(expected) // Object.is equality

Expected: 200
Received: 500
    at Object.toBe (D:\Project\LoanInNeedServer2\Backend\__tests__\integration\selfie.integration.spec.js:88:26)
    at processTicksAndRejections (node:internal/process/task_queues:105:5)</failure>
    </testcase>
    <testcase classname="📸 Selfie Upload Integration Tests › GET /api/selfie/status" name="❌ should require authentication" time="0.014">
    </testcase>
    <testcase classname="" name="Test execution failure: could be caused by test hooks like &apos;afterAll&apos;." time="0">
      <failure>{&quot;message&quot;:&quot;&quot;,&quot;stack&quot;:&quot;TypeError: Cannot read properties of undefined (reading &apos;id&apos;)\n    at Object.id (D:\\Project\\LoanInNeedServer2\\Backend\\__tests__\\integration\\selfie.integration.spec.js:42:44)\n    at Promise.then.completed (D:\\Project\\LoanInNeedServer2\\Backend\\node_modules\\jest-circus\\build\\utils.js:298:28)\n    at new Promise (&lt;anonymous&gt;)\n    at callAsyncCircusFn (D:\\Project\\LoanInNeedServer2\\Backend\\node_modules\\jest-circus\\build\\utils.js:231:10)\n    at _callCircusHook (D:\\Project\\LoanInNeedServer2\\Backend\\node_modules\\jest-circus\\build\\run.js:281:40)\n    at processTicksAndRejections (node:internal/process/task_queues:105:5)\n    at _runTestsForDescribeBlock (D:\\Project\\LoanInNeedServer2\\Backend\\node_modules\\jest-circus\\build\\run.js:154:7)\n    at _runTestsForDescribeBlock (D:\\Project\\LoanInNeedServer2\\Backend\\node_modules\\jest-circus\\build\\run.js:121:9)\n    at run (D:\\Project\\LoanInNeedServer2\\Backend\\node_modules\\jest-circus\\build\\run.js:71:3)\n    at runAndTransformResultsToJestFormat (D:\\Project\\LoanInNeedServer2\\Backend\\node_modules\\jest-circus\\build\\legacy-code-todo-rewrite\\jestAdapterInit.js:122:21)\n    at jestAdapter (D:\\Project\\LoanInNeedServer2\\Backend\\node_modules\\jest-circus\\build\\legacy-code-todo-rewrite\\jestAdapter.js:79:19)\n    at runTestInternal (D:\\Project\\LoanInNeedServer2\\Backend\\node_modules\\jest-runner\\build\\runTest.js:367:16)\n    at runTest (D:\\Project\\LoanInNeedServer2\\Backend\\node_modules\\jest-runner\\build\\runTest.js:444:34)&quot;}</failure>
    </testcase>
  </testsuite>
  <testsuite name="__tests__\integration\location.integration.spec.js" errors="0" failures="3" skipped="0" timestamp="2026-05-25T06:45:24" time="9.676" tests="7">
    <testcase classname="📍 Location Integration Tests › POST /api/users/location" name="✅ should save location successfully" time="0.017">
      <failure>Error: expect(received).toBe(expected) // Object.is equality

Expected: 200
Received: 500
    at Object.toBe (D:\Project\LoanInNeedServer2\Backend\__tests__\integration\location.integration.spec.js:55:26)
    at processTicksAndRejections (node:internal/process/task_queues:105:5)</failure>
    </testcase>
    <testcase classname="📍 Location Integration Tests › POST /api/users/location" name="❌ should reject location without latitude" time="0.013">
    </testcase>
    <testcase classname="📍 Location Integration Tests › POST /api/users/location" name="❌ should reject location without longitude" time="0.011">
    </testcase>
    <testcase classname="📍 Location Integration Tests › POST /api/users/location" name="❌ should require authentication" time="0.015">
    </testcase>
    <testcase classname="📍 Location Integration Tests › GET /api/users/location" name="✅ should get latest location" time="0.018">
      <failure>Error: expect(received).toBe(expected) // Object.is equality

Expected: 200
Received: 500
    at Object.toBe (D:\Project\LoanInNeedServer2\Backend\__tests__\integration\location.integration.spec.js:111:26)
    at processTicksAndRejections (node:internal/process/task_queues:105:5)</failure>
    </testcase>
    <testcase classname="📍 Location Integration Tests › GET /api/users/location" name="❌ should return 404 if no location found" time="0.727">
      <failure>Error: expect(received).toBe(expected) // Object.is equality

Expected: 404
Received: 500
    at Object.toBe (D:\Project\LoanInNeedServer2\Backend\__tests__\integration\location.integration.spec.js:134:26)
    at processTicksAndRejections (node:internal/process/task_queues:105:5)</failure>
    </testcase>
    <testcase classname="📍 Location Integration Tests › GET /api/users/location" name="❌ should require authentication" time="0.007">
    </testcase>
    <testcase classname="" name="Test execution failure: could be caused by test hooks like &apos;afterAll&apos;." time="0">
      <failure>{&quot;message&quot;:&quot;&quot;,&quot;stack&quot;:&quot;TypeError: Cannot read properties of undefined (reading &apos;id&apos;)\n    at Object.id (D:\\Project\\LoanInNeedServer2\\Backend\\__tests__\\integration\\location.integration.spec.js:42:44)\n    at Promise.then.completed (D:\\Project\\LoanInNeedServer2\\Backend\\node_modules\\jest-circus\\build\\utils.js:298:28)\n    at new Promise (&lt;anonymous&gt;)\n    at callAsyncCircusFn (D:\\Project\\LoanInNeedServer2\\Backend\\node_modules\\jest-circus\\build\\utils.js:231:10)\n    at _callCircusHook (D:\\Project\\LoanInNeedServer2\\Backend\\node_modules\\jest-circus\\build\\run.js:281:40)\n    at processTicksAndRejections (node:internal/process/task_queues:105:5)\n    at _runTestsForDescribeBlock (D:\\Project\\LoanInNeedServer2\\Backend\\node_modules\\jest-circus\\build\\run.js:154:7)\n    at _runTestsForDescribeBlock (D:\\Project\\LoanInNeedServer2\\Backend\\node_modules\\jest-circus\\build\\run.js:121:9)\n    at run (D:\\Project\\LoanInNeedServer2\\Backend\\node_modules\\jest-circus\\build\\run.js:71:3)\n    at runAndTransformResultsToJestFormat (D:\\Project\\LoanInNeedServer2\\Backend\\node_modules\\jest-circus\\build\\legacy-code-todo-rewrite\\jestAdapterInit.js:122:21)\n    at jestAdapter (D:\\Project\\LoanInNeedServer2\\Backend\\node_modules\\jest-circus\\build\\legacy-code-todo-rewrite\\jestAdapter.js:79:19)\n    at runTestInternal (D:\\Project\\LoanInNeedServer2\\Backend\\node_modules\\jest-runner\\build\\runTest.js:367:16)\n    at runTest (D:\\Project\\LoanInNeedServer2\\Backend\\node_modules\\jest-runner\\build\\runTest.js:444:34)&quot;}</failure>
    </testcase>
  </testsuite>
  <testsuite name="__tests__\integration\user.basic.spec.js" errors="0" failures="3" skipped="0" timestamp="2026-05-25T06:45:33" time="6.394" tests="3">
    <testcase classname="👤 User registration and profile (integration)" name="requests OTP and verifies (creates a placeholder user)" time="1.838">
      <failure>Error: expect(received).toBe(expected) // Object.is equality

Expected: 200
Received: 400
    at Object.toBe (D:\Project\LoanInNeedServer2\Backend\__tests__\integration\user.basic.spec.js:35:29)
    at processTicksAndRejections (node:internal/process/task_queues:105:5)</failure>
    </testcase>
    <testcase classname="👤 User registration and profile (integration)" name="registers the user (step after OTP) and returns profile summary" time="0.008">
      <failure>Error: expect(received).toBe(expected) // Object.is equality

Expected: 200
Received: 404
    at Object.toBe (D:\Project\LoanInNeedServer2\Backend\__tests__\integration\user.basic.spec.js:62:28)
    at processTicksAndRejections (node:internal/process/task_queues:105:5)</failure>
    </testcase>
    <testcase classname="👤 User registration and profile (integration)" name="fetches /api/user/me with the token and returns full user record" time="0.007">
      <failure>Error: expect(received).toBe(expected) // Object.is equality

Expected: 200
Received: 404
    at Object.toBe (D:\Project\LoanInNeedServer2\Backend\__tests__\integration\user.basic.spec.js:74:28)
    at processTicksAndRejections (node:internal/process/task_queues:105:5)</failure>
    </testcase>
  </testsuite>
  <testsuite name="__tests__\integration\kyc.integration.spec.js" errors="0" failures="1" skipped="0" timestamp="2026-05-25T06:45:40" time="5.396" tests="4">
    <testcase classname="📋 KYC Integration Tests › POST /api/kyc" name="✅ should submit KYC data successfully" time="0.017">
      <failure>Error: expect(received).toBe(expected) // Object.is equality

Expected: 200
Received: 500
    at Object.toBe (D:\Project\LoanInNeedServer2\Backend\__tests__\integration\kyc.integration.spec.js:56:26)
    at processTicksAndRejections (node:internal/process/task_queues:105:5)</failure>
    </testcase>
    <testcase classname="📋 KYC Integration Tests › POST /api/kyc" name="❌ should reject KYC with missing required fields" time="0.013">
    </testcase>
    <testcase classname="📋 KYC Integration Tests › POST /api/kyc" name="❌ should reject KYC with invalid data types" time="0.015">
    </testcase>
    <testcase classname="📋 KYC Integration Tests › POST /api/kyc" name="❌ should require authentication" time="0.017">
    </testcase>
    <testcase classname="" name="Test execution failure: could be caused by test hooks like &apos;afterAll&apos;." time="0">
      <failure>{&quot;message&quot;:&quot;&quot;,&quot;stack&quot;:&quot;TypeError: Cannot read properties of undefined (reading &apos;id&apos;)\n    at Object.id (D:\\Project\\LoanInNeedServer2\\Backend\\__tests__\\integration\\kyc.integration.spec.js:43:44)\n    at Promise.then.completed (D:\\Project\\LoanInNeedServer2\\Backend\\node_modules\\jest-circus\\build\\utils.js:298:28)\n    at new Promise (&lt;anonymous&gt;)\n    at callAsyncCircusFn (D:\\Project\\LoanInNeedServer2\\Backend\\node_modules\\jest-circus\\build\\utils.js:231:10)\n    at _callCircusHook (D:\\Project\\LoanInNeedServer2\\Backend\\node_modules\\jest-circus\\build\\run.js:281:40)\n    at processTicksAndRejections (node:internal/process/task_queues:105:5)\n    at _runTestsForDescribeBlock (D:\\Project\\LoanInNeedServer2\\Backend\\node_modules\\jest-circus\\build\\run.js:154:7)\n    at _runTestsForDescribeBlock (D:\\Project\\LoanInNeedServer2\\Backend\\node_modules\\jest-circus\\build\\run.js:121:9)\n    at run (D:\\Project\\LoanInNeedServer2\\Backend\\node_modules\\jest-circus\\build\\run.js:71:3)\n    at runAndTransformResultsToJestFormat (D:\\Project\\LoanInNeedServer2\\Backend\\node_modules\\jest-circus\\build\\legacy-code-todo-rewrite\\jestAdapterInit.js:122:21)\n    at jestAdapter (D:\\Project\\LoanInNeedServer2\\Backend\\node_modules\\jest-circus\\build\\legacy-code-todo-rewrite\\jestAdapter.js:79:19)\n    at runTestInternal (D:\\Project\\LoanInNeedServer2\\Backend\\node_modules\\jest-runner\\build\\runTest.js:367:16)\n    at runTest (D:\\Project\\LoanInNeedServer2\\Backend\\node_modules\\jest-runner\\build\\runTest.js:444:34)&quot;}</failure>
    </testcase>
  </testsuite>
  <testsuite name="__tests__\integration\document.integration.spec.js" errors="0" failures="3" skipped="0" timestamp="2026-05-25T06:45:45" time="5.166" tests="5">
    <testcase classname="📄 Document Upload Integration Tests › POST /api/document/submit" name="✅ should upload documents successfully" time="0.023">
      <failure>Error: expect(received).toBe(expected) // Object.is equality

Expected: 200
Received: 500
    at Object.toBe (D:\Project\LoanInNeedServer2\Backend\__tests__\integration\document.integration.spec.js:65:26)
    at processTicksAndRejections (node:internal/process/task_queues:105:5)</failure>
    </testcase>
    <testcase classname="📄 Document Upload Integration Tests › POST /api/document/submit" name="❌ should reject upload without required documents" time="0.003">
      <failure>Error: .send() can&apos;t be used if .attach() or .field() is used. Please use only .send() or only .field() &amp; .attach()
    at Test.Object.&lt;anonymous&gt;.RequestBase.send (D:\Project\LoanInNeedServer2\Backend\node_modules\superagent\src\request-base.js:623:11)
    at Object.send (D:\Project\LoanInNeedServer2\Backend\__tests__\integration\document.integration.spec.js:78:10)
    at Promise.then.completed (D:\Project\LoanInNeedServer2\Backend\node_modules\jest-circus\build\utils.js:298:28)
    at new Promise (&lt;anonymous&gt;)
    at callAsyncCircusFn (D:\Project\LoanInNeedServer2\Backend\node_modules\jest-circus\build\utils.js:231:10)
    at _callCircusTest (D:\Project\LoanInNeedServer2\Backend\node_modules\jest-circus\build\run.js:316:40)
    at processTicksAndRejections (node:internal/process/task_queues:105:5)
    at _runTest (D:\Project\LoanInNeedServer2\Backend\node_modules\jest-circus\build\run.js:252:3)
    at _runTestsForDescribeBlock (D:\Project\LoanInNeedServer2\Backend\node_modules\jest-circus\build\run.js:126:9)
    at _runTestsForDescribeBlock (D:\Project\LoanInNeedServer2\Backend\node_modules\jest-circus\build\run.js:121:9)
    at _runTestsForDescribeBlock (D:\Project\LoanInNeedServer2\Backend\node_modules\jest-circus\build\run.js:121:9)
    at run (D:\Project\LoanInNeedServer2\Backend\node_modules\jest-circus\build\run.js:71:3)
    at runAndTransformResultsToJestFormat (D:\Project\LoanInNeedServer2\Backend\node_modules\jest-circus\build\legacy-code-todo-rewrite\jestAdapterInit.js:122:21)
    at jestAdapter (D:\Project\LoanInNeedServer2\Backend\node_modules\jest-circus\build\legacy-code-todo-rewrite\jestAdapter.js:79:19)
    at runTestInternal (D:\Project\LoanInNeedServer2\Backend\node_modules\jest-runner\build\runTest.js:367:16)
    at runTest (D:\Project\LoanInNeedServer2\Backend\node_modules\jest-runner\build\runTest.js:444:34)</failure>
    </testcase>
    <testcase classname="📄 Document Upload Integration Tests › POST /api/document/submit" name="❌ should require authentication" time="0.011">
    </testcase>
    <testcase classname="📄 Document Upload Integration Tests › GET /api/document/status" name="✅ should get document status" time="0.006">
      <failure>Error: expect(received).toBe(expected) // Object.is equality

Expected: 200
Received: 500
    at Object.toBe (D:\Project\LoanInNeedServer2\Backend\__tests__\integration\document.integration.spec.js:98:26)
    at processTicksAndRejections (node:internal/process/task_queues:105:5)</failure>
    </testcase>
    <testcase classname="📄 Document Upload Integration Tests › GET /api/document/status" name="❌ should require authentication" time="0.008">
    </testcase>
    <testcase classname="" name="Test execution failure: could be caused by test hooks like &apos;afterAll&apos;." time="0">
      <failure>{&quot;message&quot;:&quot;&quot;,&quot;stack&quot;:&quot;TypeError: Cannot read properties of undefined (reading &apos;id&apos;)\n    at Object.id (D:\\Project\\LoanInNeedServer2\\Backend\\__tests__\\integration\\document.integration.spec.js:44:44)\n    at Promise.then.completed (D:\\Project\\LoanInNeedServer2\\Backend\\node_modules\\jest-circus\\build\\utils.js:298:28)\n    at new Promise (&lt;anonymous&gt;)\n    at callAsyncCircusFn (D:\\Project\\LoanInNeedServer2\\Backend\\node_modules\\jest-circus\\build\\utils.js:231:10)\n    at _callCircusHook (D:\\Project\\LoanInNeedServer2\\Backend\\node_modules\\jest-circus\\build\\run.js:281:40)\n    at processTicksAndRejections (node:internal/process/task_queues:105:5)\n    at _runTestsForDescribeBlock (D:\\Project\\LoanInNeedServer2\\Backend\\node_modules\\jest-circus\\build\\run.js:154:7)\n    at _runTestsForDescribeBlock (D:\\Project\\LoanInNeedServer2\\Backend\\node_modules\\jest-circus\\build\\run.js:121:9)\n    at run (D:\\Project\\LoanInNeedServer2\\Backend\\node_modules\\jest-circus\\build\\run.js:71:3)\n    at runAndTransformResultsToJestFormat (D:\\Project\\LoanInNeedServer2\\Backend\\node_modules\\jest-circus\\build\\legacy-code-todo-rewrite\\jestAdapterInit.js:122:21)\n    at jestAdapter (D:\\Project\\LoanInNeedServer2\\Backend\\node_modules\\jest-circus\\build\\legacy-code-todo-rewrite\\jestAdapter.js:79:19)\n    at runTestInternal (D:\\Project\\LoanInNeedServer2\\Backend\\node_modules\\jest-runner\\build\\runTest.js:367:16)\n    at runTest (D:\\Project\\LoanInNeedServer2\\Backend\\node_modules\\jest-runner\\build\\runTest.js:444:34)&quot;}</failure>
    </testcase>
  </testsuite>
</testsuites>